(t0): idle running
(t1): New task P2
(t1): New task P4
(t0): Context switch (idle)<->(P2)
(t1): P2 running
(t2): Task P2 goes to sleep until (t4)
(t1): Context switch (P2)<->(P4)
(t2): P4 running
(t3): P4 running
(t4): task P2 awoken
(t4): P4 running
(t5): Task P4 goes to sleep until (t10)
(t4): Context switch (P4)<->(P2)
(t5): P2 running
(t6): P2 running
(t7): P2 running
(t8): P2 running
(t9): P2 running
(t10): task P4 awoken
(t10): P2 running
(t10): Context switch (P2)<->(P4)
(t11): P4 running
(t12): P4 running
(t13): P4 running
(t14): P4 running
(t15): Task P4 goes to sleep until (t16)
(t14): Context switch (P4)<->(idle)
(t15): idle running
(t16): idle running
==================
P2	1	2	run
P2	2	4	io
P2	4	5	wait
P2	5	11	run
P4	1	2	wait
P4	2	5	run
P4	5	10	io
P4	10	11	wait
P4	11	15	run
P4	15	16	io
