(t0): New task P1
(t0): New task P3
(t0): P1 running
(t1): New task P2
(t1): New task P4
(t1): P1 running
(t2): P1 running
(t3): Task P1 goes to sleep until (t8)
(t2): Context switch (P1)<->(P3)
(t3): P3 running
(t4): P3 running
(t5): P3 running
(t6): Task P3 goes to sleep until (t11)
(t5): Context switch (P3)<->(P2)
(t6): P2 running
(t7): Task P2 goes to sleep until (t9)
(t6): Context switch (P2)<->(P4)
(t7): P4 running
(t8): task P1 awoken
(t8): P4 running
(t9): task P2 awoken
(t9): P4 running
(t10): Task P4 goes to sleep until (t15)
(t9): Context switch (P4)<->(P1)
(t10): P1 running
(t11): task P3 awoken
(t11): P1 running
(t12): P1 running
(t13): P1 running
(t14): Task P1 goes to sleep until (t15)
(t13): Context switch (P1)<->(P2)
(t14): P2 running
(t15): task P4 awoken
(t15): P2 running
(t16): P2 running
(t17): P2 running
(t18): P2 running
(t19): P2 running
(t19): Context switch (P2)<->(P3)
(t20): P3 running
(t21): P3 running
(t22): P3 running
(t23): P3 running
(t24): Task P3 goes to sleep until (t25)
(t23): Context switch (P3)<->(P4)
(t24): P4 running
(t25): P4 running
(t26): P4 running
(t27): P4 running
(t28): Task P4 goes to sleep until (t29)
(t27): Context switch (P4)<->(idle)
(t28): idle running
==================
P1	0	3	run
P1	3	8	io
P1	8	10	wait
P1	10	14	run
P1	14	15	io
P2	1	6	wait
P2	6	7	run
P2	7	9	io
P2	9	14	wait
P2	14	20	run
P3	0	3	wait
P3	3	6	run
P3	6	11	io
P3	11	20	wait
P3	20	24	run
P3	24	25	io
P4	1	7	wait
P4	7	10	run
P4	10	15	io
P4	15	24	wait
P4	24	28	run
P4	28	29	io
